Problem:    f3
Rows:       749
Columns:    235 (208 integer, 208 binary)
Non-zeros:  3143
Status:     INTEGER OPTIMAL
Objective:  Makespan = 43 (MINimum)

   No.   Row name        Activity     Lower bound   Upper bound
------ ------------    ------------- ------------- -------------
     1 Valaszt[A,1,U1]
                                   0            -0               
     2 Valaszt[A,1,U2]
                                   0            -0               
     3 Valaszt[A,1,U3]
                                  20            -0               
     4 Valaszt[A,1,U4]
                                   0            -0               
     5 Valaszt[A,2,U1]
                                   0            -0               
     6 Valaszt[A,2,U2]
                                   0            -0               
     7 Valaszt[A,2,U3]
                                   0            -0               
     8 Valaszt[A,2,U4]
                                   7            -0               
     9 Valaszt[A,3,U1]
                                   0            -0               
    10 Valaszt[A,3,U2]
                                   0            -0               
    11 Valaszt[A,3,U3]
                                   0            -0               
    12 Valaszt[A,3,U4]
                                   1            -0               
    13 Valaszt[B,1,U1]
                                   0            -0               
    14 Valaszt[B,1,U2]
                                   0            -0               
    15 Valaszt[B,1,U3]
                                   9            -0               
    16 Valaszt[B,1,U4]
                                   0            -0               
    17 Valaszt[B,2,U1]
                                  18            -0               
    18 Valaszt[B,2,U2]
                                   0            -0               
    19 Valaszt[B,2,U3]
                                   0            -0               
    20 Valaszt[B,2,U4]
                                   0            -0               
    21 Valaszt[B,3,U1]
                                   4            -0               
    22 Valaszt[B,3,U2]
                                   0            -0               
    23 Valaszt[B,3,U3]
                                   0            -0               
    24 Valaszt[B,3,U4]
                                   0            -0               
    25 Valaszt[B,4,U1]
                                  12            -0               
    26 Valaszt[B,4,U2]
                                   0            -0               
    27 Valaszt[B,4,U3]
                                   0            -0               
    28 Valaszt[B,4,U4]
                                   0            -0               
    29 Valaszt[C,1,U1]
                                   0            -0               
    30 Valaszt[C,1,U2]
                                   8            -0               
    31 Valaszt[C,1,U3]
                                   0            -0               
    32 Valaszt[C,1,U4]
                                   0            -0               
    33 Valaszt[C,2,U1]
                                   0            -0               
    34 Valaszt[C,2,U2]
                                   7            -0               
    35 Valaszt[C,2,U3]
                                   0            -0               
    36 Valaszt[C,2,U4]
                                   0            -0               
    37 Valaszt[C,3,U1]
                                   0            -0               
    38 Valaszt[C,3,U2]
                                  19            -0               
    39 Valaszt[C,3,U3]
                                   0            -0               
    40 Valaszt[C,3,U4]
                                   0            -0               
    41 Valaszt[D,1,U1]
                                   0            -0               
    42 Valaszt[D,1,U2]
                                   5            -0               
    43 Valaszt[D,1,U3]
                                   0            -0               
    44 Valaszt[D,1,U4]
                                   0            -0               
    45 Valaszt[D,2,U1]
                                   0            -0               
    46 Valaszt[D,2,U2]
                                   0            -0               
    47 Valaszt[D,2,U3]
                                   0            -0               
    48 Valaszt[D,2,U4]
                                  18            -0               
    49 Valaszt[D,3,U1]
                                   0            -0               
    50 Valaszt[D,3,U2]
                                   0            -0               
    51 Valaszt[D,3,U3]
                                   6            -0               
    52 Valaszt[D,3,U4]
                                   0            -0               
    53 ProctimeConstraint[A,1]
                                   0            -0               
    54 ProctimeConstraint[A,2]
                                   0            -0               
    55 ProctimeConstraint[A,3]
                                   0            -0               
    56 ProctimeConstraint[B,1]
                                   0            -0               
    57 ProctimeConstraint[B,2]
                                   0            -0               
    58 ProctimeConstraint[B,3]
                                   0            -0               
    59 ProctimeConstraint[B,4]
                                   0            -0               
    60 ProctimeConstraint[C,1]
                                   0            -0               
    61 ProctimeConstraint[C,2]
                                   0            -0               
    62 ProctimeConstraint[C,3]
                                   4            -0               
    63 ProctimeConstraint[D,1]
                                   0            -0               
    64 ProctimeConstraint[D,2]
                                   0            -0               
    65 ProctimeConstraint[D,3]
                                   0            -0               
    66 SubsequentTask[A,2]
                                   0            -0               
    67 SubsequentTask[A,3]
                                   0            -0               
    68 SubsequentTask[B,2]
                                   0            -0               
    69 SubsequentTask[B,3]
                                   0            -0               
    70 SubsequentTask[B,4]
                                   0            -0               
    71 SubsequentTask[C,2]
                                   5            -0               
    72 SubsequentTask[C,3]
                                   0            -0               
    73 SubsequentTask[D,2]
                                   4            -0               
    74 SubsequentTask[D,3]
                                   2            -0               
    75 Sequencing[A,1,A,2,U1]
                                   0         -3000               
    76 Sequencing[A,1,A,2,U4]
                               -1000         -3000               
    77 Sequencing[A,1,A,3,U1]
                                   7         -3000               
    78 Sequencing[A,1,A,3,U3]
                                -993         -3000               
    79 Sequencing[A,1,A,3,U4]
                                -993         -3000               
    80 Sequencing[A,1,B,1,U3]
                               -2035         -3000               
    81 Sequencing[A,1,B,1,U4]
                                 -35         -3000               
    82 Sequencing[A,1,B,2,U1]
                               -1026         -3000               
    83 Sequencing[A,1,B,2,U4]
                                 -26         -3000               
    84 Sequencing[A,1,B,3,U1]
                               -1008         -3000               
    85 Sequencing[A,1,B,3,U3]
                               -1008         -3000               
    86 Sequencing[A,1,B,3,U4]
                                  -8         -3000               
    87 Sequencing[A,1,B,4,U1]
                               -1004         -3000               
    88 Sequencing[A,1,B,4,U4]
                                  -4         -3000               
    89 Sequencing[A,1,C,1,U1]
                                 -35         -3000               
    90 Sequencing[A,1,C,1,U4]
                                 -35         -3000               
    91 Sequencing[A,1,C,2,U3]
                               -1022         -3000               
    92 Sequencing[A,1,C,3,U3]
                               -1015         -3000               
    93 Sequencing[A,1,C,3,U4]
                                 -15         -3000               
    94 Sequencing[A,1,D,1,U1]
                                 -27         -3000               
    95 Sequencing[A,1,D,1,U3]
                               -1027         -3000               
    96 Sequencing[A,1,D,2,U1]
                                 -18         -3000               
    97 Sequencing[A,1,D,2,U3]
                               -1018         -3000               
    98 Sequencing[A,1,D,2,U4]
                               -1018         -3000               
    99 Sequencing[A,1,D,3,U1]
                                -998         -3000               
   100 Sequencing[A,1,D,3,U3]
                               -2998         -3000               
   101 Sequencing[A,2,A,1,U1]
                                 -27         -3000               
   102 Sequencing[A,2,A,1,U4]
                               -1027         -3000               
   103 Sequencing[A,2,A,3,U1]
                               -1000         -3000               
   104 Sequencing[A,2,A,3,U4]
                               -3000         -3000               
   105 Sequencing[A,2,B,1,U2]
                                 -42         -3000               
   106 Sequencing[A,2,B,1,U4]
                               -1042         -3000               
   107 Sequencing[A,2,B,2,U1]
                               -1033         -3000               
   108 Sequencing[A,2,B,2,U2]
                                 -33         -3000               
   109 Sequencing[A,2,B,2,U4]
                               -1033         -3000               
   110 Sequencing[A,2,B,3,U1]
                               -1015         -3000               
   111 Sequencing[A,2,B,3,U4]
                               -1015         -3000               
   112 Sequencing[A,2,B,4,U1]
                               -1011         -3000               
   113 Sequencing[A,2,B,4,U2]
                                 -11         -3000               
   114 Sequencing[A,2,B,4,U4]
                               -1011         -3000               
   115 Sequencing[A,2,C,1,U1]
                                 -42         -3000               
   116 Sequencing[A,2,C,1,U2]
                               -1042         -3000               
   117 Sequencing[A,2,C,1,U4]
                               -1042         -3000               
   118 Sequencing[A,2,C,2,U2]
                               -1029         -3000               
   119 Sequencing[A,2,C,3,U2]
                               -1022         -3000               
   120 Sequencing[A,2,C,3,U4]
                               -1022         -3000               
   121 Sequencing[A,2,D,1,U1]
                                 -34         -3000               
   122 Sequencing[A,2,D,1,U2]
                               -1034         -3000               
   123 Sequencing[A,2,D,2,U1]
                                 -25         -3000               
   124 Sequencing[A,2,D,2,U4]
                               -2025         -3000               
   125 Sequencing[A,2,D,3,U1]
                                  -5         -3000               
   126 Sequencing[A,2,D,3,U2]
                                  -5         -3000               
   127 Sequencing[A,3,A,1,U1]
                                 -28         -3000               
   128 Sequencing[A,3,A,1,U3]
                               -1028         -3000               
   129 Sequencing[A,3,A,1,U4]
                               -1028         -3000               
   130 Sequencing[A,3,A,2,U1]
                                  -8         -3000               
   131 Sequencing[A,3,A,2,U4]
                               -2008         -3000               
   132 Sequencing[A,3,B,1,U3]
                               -1043         -3000               
   133 Sequencing[A,3,B,1,U4]
                               -1043         -3000               
   134 Sequencing[A,3,B,2,U1]
                               -1034         -3000               
   135 Sequencing[A,3,B,2,U4]
                               -1034         -3000               
   136 Sequencing[A,3,B,3,U1]
                               -1016         -3000               
   137 Sequencing[A,3,B,3,U3]
                                 -16         -3000               
   138 Sequencing[A,3,B,3,U4]
                               -1016         -3000               
   139 Sequencing[A,3,B,4,U1]
                               -1012         -3000               
   140 Sequencing[A,3,B,4,U4]
                               -1012         -3000               
   141 Sequencing[A,3,C,1,U1]
                               -1043         -3000               
   142 Sequencing[A,3,C,1,U4]
                               -2043         -3000               
   143 Sequencing[A,3,C,2,U3]
                                 -30         -3000               
   144 Sequencing[A,3,C,3,U3]
                                 -23         -3000               
   145 Sequencing[A,3,C,3,U4]
                               -1023         -3000               
   146 Sequencing[A,3,D,1,U1]
                                 -35         -3000               
   147 Sequencing[A,3,D,1,U3]
                                 -35         -3000               
   148 Sequencing[A,3,D,2,U1]
                                 -26         -3000               
   149 Sequencing[A,3,D,2,U3]
                                 -26         -3000               
   150 Sequencing[A,3,D,2,U4]
                               -2026         -3000               
   151 Sequencing[A,3,D,3,U1]
                                  -6         -3000               
   152 Sequencing[A,3,D,3,U3]
                               -1006         -3000               
   153 Sequencing[B,1,A,1,U3]
                               -2994         -3000               
   154 Sequencing[B,1,A,1,U4]
                                -994         -3000               
   155 Sequencing[B,1,A,2,U2]
                                  26         -3000               
   156 Sequencing[B,1,A,2,U4]
                                -974         -3000               
   157 Sequencing[B,1,A,3,U3]
                                -967         -3000               
   158 Sequencing[B,1,A,3,U4]
                                -967         -3000               
   159 Sequencing[B,1,B,2,U2]
                                   0         -3000               
   160 Sequencing[B,1,B,2,U4]
                                   0         -3000               
   161 Sequencing[B,1,B,3,U3]
                                -982         -3000               
   162 Sequencing[B,1,B,3,U4]
                                  18         -3000               
   163 Sequencing[B,1,B,4,U2]
                                  22         -3000               
   164 Sequencing[B,1,B,4,U4]
                                  22         -3000               
   165 Sequencing[B,1,C,1,U2]
                               -1009         -3000               
   166 Sequencing[B,1,C,1,U4]
                                  -9         -3000               
   167 Sequencing[B,1,C,2,U2]
                                -996         -3000               
   168 Sequencing[B,1,C,2,U3]
                                -996         -3000               
   169 Sequencing[B,1,C,3,U2]
                                -989         -3000               
   170 Sequencing[B,1,C,3,U3]
                                -989         -3000               
   171 Sequencing[B,1,C,3,U4]
                                  11         -3000               
   172 Sequencing[B,1,D,1,U2]
                               -1001         -3000               
   173 Sequencing[B,1,D,1,U3]
                               -1001         -3000               
   174 Sequencing[B,1,D,2,U3]
                                -992         -3000               
   175 Sequencing[B,1,D,2,U4]
                                -992         -3000               
   176 Sequencing[B,1,D,3,U2]
                                -972         -3000               
   177 Sequencing[B,1,D,3,U3]
                               -2972         -3000               
   178 Sequencing[B,2,A,1,U1]
                               -1012         -3000               
   179 Sequencing[B,2,A,1,U4]
                                 -12         -3000               
   180 Sequencing[B,2,A,2,U1]
                                -992         -3000               
   181 Sequencing[B,2,A,2,U2]
                                   8         -3000               
   182 Sequencing[B,2,A,2,U4]
                                -992         -3000               
   183 Sequencing[B,2,A,3,U1]
                                -985         -3000               
   184 Sequencing[B,2,A,3,U4]
                                -985         -3000               
   185 Sequencing[B,2,B,1,U2]
                                 -27         -3000               
   186 Sequencing[B,2,B,1,U4]
                                 -27         -3000               
   187 Sequencing[B,2,B,3,U1]
                               -3000         -3000               
   188 Sequencing[B,2,B,3,U4]
                               -1000         -3000               
   189 Sequencing[B,2,B,4,U1]
                               -2996         -3000               
   190 Sequencing[B,2,B,4,U2]
                                -996         -3000               
   191 Sequencing[B,2,B,4,U4]
                                -996         -3000               
   192 Sequencing[B,2,C,1,U1]
                               -1027         -3000               
   193 Sequencing[B,2,C,1,U2]
                               -1027         -3000               
   194 Sequencing[B,2,C,1,U4]
                                 -27         -3000               
   195 Sequencing[B,2,C,2,U2]
                               -1014         -3000               
   196 Sequencing[B,2,C,3,U2]
                               -1007         -3000               
   197 Sequencing[B,2,C,3,U4]
                                  -7         -3000               
   198 Sequencing[B,2,D,1,U1]
                               -1019         -3000               
   199 Sequencing[B,2,D,1,U2]
                               -1019         -3000               
   200 Sequencing[B,2,D,2,U1]
                               -1010         -3000               
   201 Sequencing[B,2,D,2,U4]
                               -1010         -3000               
   202 Sequencing[B,2,D,3,U1]
                                -990         -3000               
   203 Sequencing[B,2,D,3,U2]
                                  10         -3000               
   204 Sequencing[B,3,A,1,U1]
                               -1016         -3000               
   205 Sequencing[B,3,A,1,U3]
                               -1016         -3000               
   206 Sequencing[B,3,A,1,U4]
                                 -16         -3000               
   207 Sequencing[B,3,A,2,U1]
                                -996         -3000               
   208 Sequencing[B,3,A,2,U4]
                                -996         -3000               
   209 Sequencing[B,3,A,3,U1]
                                -989         -3000               
   210 Sequencing[B,3,A,3,U3]
                                  11         -3000               
   211 Sequencing[B,3,A,3,U4]
                                -989         -3000               
   212 Sequencing[B,3,B,1,U3]
                               -1031         -3000               
   213 Sequencing[B,3,B,1,U4]
                                 -31         -3000               
   214 Sequencing[B,3,B,2,U1]
                               -2022         -3000               
   215 Sequencing[B,3,B,2,U4]
                                 -22         -3000               
   216 Sequencing[B,3,B,4,U1]
                               -3000         -3000               
   217 Sequencing[B,3,B,4,U4]
                               -1000         -3000               
   218 Sequencing[B,3,C,1,U1]
                               -1031         -3000               
   219 Sequencing[B,3,C,1,U4]
                                 -31         -3000               
   220 Sequencing[B,3,C,2,U3]
                                 -18         -3000               
   221 Sequencing[B,3,C,3,U3]
                                 -11         -3000               
   222 Sequencing[B,3,C,3,U4]
                                 -11         -3000               
   223 Sequencing[B,3,D,1,U1]
                               -1023         -3000               
   224 Sequencing[B,3,D,1,U3]
                                 -23         -3000               
   225 Sequencing[B,3,D,2,U1]
                               -1014         -3000               
   226 Sequencing[B,3,D,2,U3]
                                 -14         -3000               
   227 Sequencing[B,3,D,2,U4]
                               -1014         -3000               
   228 Sequencing[B,3,D,3,U1]
                                -994         -3000               
   229 Sequencing[B,3,D,3,U3]
                                -994         -3000               
   230 Sequencing[B,4,A,1,U1]
                               -1028         -3000               
   231 Sequencing[B,4,A,1,U4]
                                 -28         -3000               
   232 Sequencing[B,4,A,2,U1]
                               -1008         -3000               
   233 Sequencing[B,4,A,2,U2]
                                  -8         -3000               
   234 Sequencing[B,4,A,2,U4]
                               -1008         -3000               
   235 Sequencing[B,4,A,3,U1]
                               -1001         -3000               
   236 Sequencing[B,4,A,3,U4]
                               -1001         -3000               
   237 Sequencing[B,4,B,1,U2]
                                 -43         -3000               
   238 Sequencing[B,4,B,1,U4]
                                 -43         -3000               
   239 Sequencing[B,4,B,2,U1]
                               -2034         -3000               
   240 Sequencing[B,4,B,2,U2]
                                 -34         -3000               
   241 Sequencing[B,4,B,2,U4]
                                 -34         -3000               
   242 Sequencing[B,4,B,3,U1]
                               -2016         -3000               
   243 Sequencing[B,4,B,3,U4]
                                 -16         -3000               
   244 Sequencing[B,4,C,1,U1]
                               -1043         -3000               
   245 Sequencing[B,4,C,1,U2]
                               -1043         -3000               
   246 Sequencing[B,4,C,1,U4]
                                 -43         -3000               
   247 Sequencing[B,4,C,2,U2]
                               -1030         -3000               
   248 Sequencing[B,4,C,3,U2]
                               -1023         -3000               
   249 Sequencing[B,4,C,3,U4]
                                 -23         -3000               
   250 Sequencing[B,4,D,1,U1]
                               -1035         -3000               
   251 Sequencing[B,4,D,1,U2]
                               -1035         -3000               
   252 Sequencing[B,4,D,2,U1]
                               -1026         -3000               
   253 Sequencing[B,4,D,2,U4]
                               -1026         -3000               
   254 Sequencing[B,4,D,3,U1]
                               -1006         -3000               
   255 Sequencing[B,4,D,3,U2]
                                  -6         -3000               
   256 Sequencing[C,1,A,1,U1]
                                   7         -3000               
   257 Sequencing[C,1,A,1,U4]
                                   7         -3000               
   258 Sequencing[C,1,A,2,U1]
                                  27         -3000               
   259 Sequencing[C,1,A,2,U2]
                                -973         -3000               
   260 Sequencing[C,1,A,2,U4]
                                -973         -3000               
   261 Sequencing[C,1,A,3,U1]
                                  34         -3000               
   262 Sequencing[C,1,A,3,U4]
                                -966         -3000               
   263 Sequencing[C,1,B,1,U2]
                               -1008         -3000               
   264 Sequencing[C,1,B,1,U4]
                                  -8         -3000               
   265 Sequencing[C,1,B,2,U1]
                                -999         -3000               
   266 Sequencing[C,1,B,2,U2]
                                -999         -3000               
   267 Sequencing[C,1,B,2,U4]
                                   1         -3000               
   268 Sequencing[C,1,B,3,U1]
                                -981         -3000               
   269 Sequencing[C,1,B,3,U4]
                                  19         -3000               
   270 Sequencing[C,1,B,4,U1]
                                -977         -3000               
   271 Sequencing[C,1,B,4,U2]
                                -977         -3000               
   272 Sequencing[C,1,B,4,U4]
                                  23         -3000               
   273 Sequencing[C,1,C,2,U2]
                               -2995         -3000               
   274 Sequencing[C,1,C,3,U2]
                               -2988         -3000               
   275 Sequencing[C,1,C,3,U4]
                                -988         -3000               
   276 Sequencing[C,1,D,1,U1]
                               -1000         -3000               
   277 Sequencing[C,1,D,1,U2]
                               -3000         -3000               
   278 Sequencing[C,1,D,2,U1]
                                   9         -3000               
   279 Sequencing[C,1,D,2,U4]
                                -991         -3000               
   280 Sequencing[C,1,D,3,U1]
                                  29         -3000               
   281 Sequencing[C,1,D,3,U2]
                                -971         -3000               
   282 Sequencing[C,2,A,1,U3]
                               -1005         -3000               
   283 Sequencing[C,2,A,2,U2]
                                -985         -3000               
   284 Sequencing[C,2,A,3,U3]
                                  22         -3000               
   285 Sequencing[C,2,B,1,U2]
                               -1020         -3000               
   286 Sequencing[C,2,B,1,U3]
                               -1020         -3000               
   287 Sequencing[C,2,B,2,U2]
                               -1011         -3000               
   288 Sequencing[C,2,B,3,U3]
                                   7         -3000               
   289 Sequencing[C,2,B,4,U2]
                                -989         -3000               
   290 Sequencing[C,2,C,1,U2]
                               -2020         -3000               
   291 Sequencing[C,2,C,3,U2]
                               -3000         -3000               
   292 Sequencing[C,2,C,3,U3]
                               -1000         -3000               
   293 Sequencing[C,2,D,1,U2]
                               -2012         -3000               
   294 Sequencing[C,2,D,1,U3]
                                 -12         -3000               
   295 Sequencing[C,2,D,2,U3]
                                  -3         -3000               
   296 Sequencing[C,2,D,3,U2]
                                -983         -3000               
   297 Sequencing[C,2,D,3,U3]
                                -983         -3000               
   298 Sequencing[C,3,A,1,U3]
                               -1028         -3000               
   299 Sequencing[C,3,A,1,U4]
                                 -28         -3000               
   300 Sequencing[C,3,A,2,U2]
                               -1008         -3000               
   301 Sequencing[C,3,A,2,U4]
                               -1008         -3000               
   302 Sequencing[C,3,A,3,U3]
                                  -1         -3000               
   303 Sequencing[C,3,A,3,U4]
                               -1001         -3000               
   304 Sequencing[C,3,B,1,U2]
                               -1043         -3000               
   305 Sequencing[C,3,B,1,U3]
                               -1043         -3000               
   306 Sequencing[C,3,B,1,U4]
                                 -43         -3000               
   307 Sequencing[C,3,B,2,U2]
                               -1034         -3000               
   308 Sequencing[C,3,B,2,U4]
                                 -34         -3000               
   309 Sequencing[C,3,B,3,U3]
                                 -16         -3000               
   310 Sequencing[C,3,B,3,U4]
                                 -16         -3000               
   311 Sequencing[C,3,B,4,U2]
                               -1012         -3000               
   312 Sequencing[C,3,B,4,U4]
                                 -12         -3000               
   313 Sequencing[C,3,C,1,U2]
                               -2043         -3000               
   314 Sequencing[C,3,C,1,U4]
                                 -43         -3000               
   315 Sequencing[C,3,C,2,U2]
                               -2030         -3000               
   316 Sequencing[C,3,C,2,U3]
                                 -30         -3000               
   317 Sequencing[C,3,D,1,U2]
                               -2035         -3000               
   318 Sequencing[C,3,D,1,U3]
                                 -35         -3000               
   319 Sequencing[C,3,D,2,U3]
                                 -26         -3000               
   320 Sequencing[C,3,D,2,U4]
                               -1026         -3000               
   321 Sequencing[C,3,D,3,U2]
                               -1006         -3000               
   322 Sequencing[C,3,D,3,U3]
                               -1006         -3000               
   323 Sequencing[D,1,A,1,U1]
                                   2         -3000               
   324 Sequencing[D,1,A,1,U3]
                                -998         -3000               
   325 Sequencing[D,1,A,2,U1]
                                  22         -3000               
   326 Sequencing[D,1,A,2,U2]
                                -978         -3000               
   327 Sequencing[D,1,A,3,U1]
                                  29         -3000               
   328 Sequencing[D,1,A,3,U3]
                                  29         -3000               
   329 Sequencing[D,1,B,1,U2]
                               -1013         -3000               
   330 Sequencing[D,1,B,1,U3]
                               -1013         -3000               
   331 Sequencing[D,1,B,2,U1]
                               -1004         -3000               
   332 Sequencing[D,1,B,2,U2]
                               -1004         -3000               
   333 Sequencing[D,1,B,3,U1]
                                -986         -3000               
   334 Sequencing[D,1,B,3,U3]
                                  14         -3000               
   335 Sequencing[D,1,B,4,U1]
                                -982         -3000               
   336 Sequencing[D,1,B,4,U2]
                                -982         -3000               
   337 Sequencing[D,1,C,1,U1]
                                 -13         -3000               
   338 Sequencing[D,1,C,1,U2]
                               -2013         -3000               
   339 Sequencing[D,1,C,2,U2]
                               -3000         -3000               
   340 Sequencing[D,1,C,2,U3]
                               -1000         -3000               
   341 Sequencing[D,1,C,3,U2]
                               -2993         -3000               
   342 Sequencing[D,1,C,3,U3]
                                -993         -3000               
   343 Sequencing[D,1,D,2,U1]
                                   4         -3000               
   344 Sequencing[D,1,D,2,U3]
                                   4         -3000               
   345 Sequencing[D,1,D,3,U1]
                                  24         -3000               
   346 Sequencing[D,1,D,3,U2]
                                -976         -3000               
   347 Sequencing[D,1,D,3,U3]
                                -976         -3000               
   348 Sequencing[D,2,A,1,U1]
                                 -20         -3000               
   349 Sequencing[D,2,A,1,U3]
                               -1020         -3000               
   350 Sequencing[D,2,A,1,U4]
                               -1020         -3000               
   351 Sequencing[D,2,A,2,U1]
                               -1000         -3000               
   352 Sequencing[D,2,A,2,U4]
                               -3000         -3000               
   353 Sequencing[D,2,A,3,U1]
                                -993         -3000               
   354 Sequencing[D,2,A,3,U3]
                                -993         -3000               
   355 Sequencing[D,2,A,3,U4]
                               -2993         -3000               
   356 Sequencing[D,2,B,1,U3]
                               -1035         -3000               
   357 Sequencing[D,2,B,1,U4]
                               -1035         -3000               
   358 Sequencing[D,2,B,2,U1]
                               -1026         -3000               
   359 Sequencing[D,2,B,2,U4]
                               -1026         -3000               
   360 Sequencing[D,2,B,3,U1]
                               -1008         -3000               
   361 Sequencing[D,2,B,3,U3]
                                  -8         -3000               
   362 Sequencing[D,2,B,3,U4]
                               -1008         -3000               
   363 Sequencing[D,2,B,4,U1]
                               -1004         -3000               
   364 Sequencing[D,2,B,4,U4]
                               -1004         -3000               
   365 Sequencing[D,2,C,1,U1]
                                 -35         -3000               
   366 Sequencing[D,2,C,1,U4]
                               -1035         -3000               
   367 Sequencing[D,2,C,2,U3]
                                 -22         -3000               
   368 Sequencing[D,2,C,3,U3]
                                 -15         -3000               
   369 Sequencing[D,2,C,3,U4]
                               -1015         -3000               
   370 Sequencing[D,2,D,1,U1]
                                 -27         -3000               
   371 Sequencing[D,2,D,1,U3]
                                 -27         -3000               
   372 Sequencing[D,2,D,3,U1]
                                   2         -3000               
   373 Sequencing[D,2,D,3,U3]
                                -998         -3000               
   374 Sequencing[D,3,A,1,U1]
                                 -28         -3000               
   375 Sequencing[D,3,A,1,U3]
                               -2028         -3000               
   376 Sequencing[D,3,A,2,U1]
                                  -8         -3000               
   377 Sequencing[D,3,A,2,U2]
                                  -8         -3000               
   378 Sequencing[D,3,A,3,U1]
                                  -1         -3000               
   379 Sequencing[D,3,A,3,U3]
                               -1001         -3000               
   380 Sequencing[D,3,B,1,U2]
                                 -43         -3000               
   381 Sequencing[D,3,B,1,U3]
                               -2043         -3000               
   382 Sequencing[D,3,B,2,U1]
                               -1034         -3000               
   383 Sequencing[D,3,B,2,U2]
                                 -34         -3000               
   384 Sequencing[D,3,B,3,U1]
                               -1016         -3000               
   385 Sequencing[D,3,B,3,U3]
                               -1016         -3000               
   386 Sequencing[D,3,B,4,U1]
                               -1012         -3000               
   387 Sequencing[D,3,B,4,U2]
                                 -12         -3000               
   388 Sequencing[D,3,C,1,U1]
                                 -43         -3000               
   389 Sequencing[D,3,C,1,U2]
                               -1043         -3000               
   390 Sequencing[D,3,C,2,U2]
                               -1030         -3000               
   391 Sequencing[D,3,C,2,U3]
                               -1030         -3000               
   392 Sequencing[D,3,C,3,U2]
                               -1023         -3000               
   393 Sequencing[D,3,C,3,U3]
                               -1023         -3000               
   394 Sequencing[D,3,D,1,U1]
                                 -35         -3000               
   395 Sequencing[D,3,D,1,U2]
                               -1035         -3000               
   396 Sequencing[D,3,D,1,U3]
                               -1035         -3000               
   397 Sequencing[D,3,D,2,U1]
                                 -26         -3000               
   398 Sequencing[D,3,D,2,U3]
                               -1026         -3000               
   399 Orderaround[A,1,A,2,U1]
                                   0            -1               
   400 Orderaround[A,1,A,2,U4]
                                  -1            -1               
   401 Orderaround[A,1,A,3,U1]
                                   0            -1               
   402 Orderaround[A,1,A,3,U3]
                                  -1            -1               
   403 Orderaround[A,1,A,3,U4]
                                  -1            -1               
   404 Orderaround[A,1,B,1,U3]
                                  -1            -1               
   405 Orderaround[A,1,B,1,U4]
                                   1            -1               
   406 Orderaround[A,1,B,2,U1]
                                  -1            -1               
   407 Orderaround[A,1,B,2,U4]
                                   0            -1               
   408 Orderaround[A,1,B,3,U1]
                                  -1            -1               
   409 Orderaround[A,1,B,3,U3]
                                  -1            -1               
   410 Orderaround[A,1,B,3,U4]
                                   0            -1               
   411 Orderaround[A,1,B,4,U1]
                                  -1            -1               
   412 Orderaround[A,1,B,4,U4]
                                   0            -1               
   413 Orderaround[A,1,C,1,U1]
                                   0            -1               
   414 Orderaround[A,1,C,1,U4]
                                   0            -1               
   415 Orderaround[A,1,C,2,U3]
                                  -1            -1               
   416 Orderaround[A,1,C,3,U3]
                                  -1            -1               
   417 Orderaround[A,1,C,3,U4]
                                   0            -1               
   418 Orderaround[A,1,D,1,U1]
                                   0            -1               
   419 Orderaround[A,1,D,1,U3]
                                  -1            -1               
   420 Orderaround[A,1,D,2,U1]
                                   0            -1               
   421 Orderaround[A,1,D,2,U3]
                                  -1            -1               
   422 Orderaround[A,1,D,2,U4]
                                  -1            -1               
   423 Orderaround[A,1,D,3,U1]
                                   1            -1               
   424 Orderaround[A,1,D,3,U3]
                                  -1            -1               
   425 Orderaround[A,2,A,1,U1]
                                   0            -1               
   426 Orderaround[A,2,A,1,U4]
                                  -1            -1               
   427 Orderaround[A,2,A,3,U1]
                                   1            -1               
   428 Orderaround[A,2,A,3,U4]
                                  -1            -1               
   429 Orderaround[A,2,B,1,U2]
                                   0            -1               
   430 Orderaround[A,2,B,1,U4]
                                  -1            -1               
   431 Orderaround[A,2,B,2,U1]
                                  -1            -1               
   432 Orderaround[A,2,B,2,U2]
                                   0            -1               
   433 Orderaround[A,2,B,2,U4]
                                  -1            -1               
   434 Orderaround[A,2,B,3,U1]
                                  -1            -1               
   435 Orderaround[A,2,B,3,U4]
                                  -1            -1               
   436 Orderaround[A,2,B,4,U1]
                                  -1            -1               
   437 Orderaround[A,2,B,4,U2]
                                   0            -1               
   438 Orderaround[A,2,B,4,U4]
                                  -1            -1               
   439 Orderaround[A,2,C,1,U1]
                                   0            -1               
   440 Orderaround[A,2,C,1,U2]
                                  -1            -1               
   441 Orderaround[A,2,C,1,U4]
                                  -1            -1               
   442 Orderaround[A,2,C,2,U2]
                                  -1            -1               
   443 Orderaround[A,2,C,3,U2]
                                  -1            -1               
   444 Orderaround[A,2,C,3,U4]
                                  -1            -1               
   445 Orderaround[A,2,D,1,U1]
                                   0            -1               
   446 Orderaround[A,2,D,1,U2]
                                  -1            -1               
   447 Orderaround[A,2,D,2,U1]
                                   1            -1               
   448 Orderaround[A,2,D,2,U4]
                                  -1            -1               
   449 Orderaround[A,2,D,3,U1]
                                   0            -1               
   450 Orderaround[A,2,D,3,U2]
                                   0            -1               
   451 Orderaround[A,3,A,1,U1]
                                   0            -1               
   452 Orderaround[A,3,A,1,U3]
                                  -1            -1               
   453 Orderaround[A,3,A,1,U4]
                                  -1            -1               
   454 Orderaround[A,3,A,2,U1]
                                   1            -1               
   455 Orderaround[A,3,A,2,U4]
                                  -1            -1               
   456 Orderaround[A,3,B,1,U3]
                                  -1            -1               
   457 Orderaround[A,3,B,1,U4]
                                  -1            -1               
   458 Orderaround[A,3,B,2,U1]
                                  -1            -1               
   459 Orderaround[A,3,B,2,U4]
                                  -1            -1               
   460 Orderaround[A,3,B,3,U1]
                                  -1            -1               
   461 Orderaround[A,3,B,3,U3]
                                   0            -1               
   462 Orderaround[A,3,B,3,U4]
                                  -1            -1               
   463 Orderaround[A,3,B,4,U1]
                                  -1            -1               
   464 Orderaround[A,3,B,4,U4]
                                  -1            -1               
   465 Orderaround[A,3,C,1,U1]
                                   1            -1               
   466 Orderaround[A,3,C,1,U4]
                                   0            -1               
   467 Orderaround[A,3,C,2,U3]
                                   0            -1               
   468 Orderaround[A,3,C,3,U3]
                                   0            -1               
   469 Orderaround[A,3,C,3,U4]
                                  -1            -1               
   470 Orderaround[A,3,D,1,U1]
                                   0            -1               
   471 Orderaround[A,3,D,1,U3]
                                   0            -1               
   472 Orderaround[A,3,D,2,U1]
                                   1            -1               
   473 Orderaround[A,3,D,2,U3]
                                   1            -1               
   474 Orderaround[A,3,D,2,U4]
                                  -1            -1               
   475 Orderaround[A,3,D,3,U1]
                                   0            -1               
   476 Orderaround[A,3,D,3,U3]
                                  -1            -1               
   477 Orderaround[B,1,A,1,U3]
                                  -1            -1               
   478 Orderaround[B,1,A,1,U4]
                                   1            -1               
   479 Orderaround[B,1,A,2,U2]
                                   0            -1               
   480 Orderaround[B,1,A,2,U4]
                                  -1            -1               
   481 Orderaround[B,1,A,3,U3]
                                  -1            -1               
   482 Orderaround[B,1,A,3,U4]
                                  -1            -1               
   483 Orderaround[B,1,B,2,U2]
                                   0            -1               
   484 Orderaround[B,1,B,2,U4]
                                   0            -1               
   485 Orderaround[B,1,B,3,U3]
                                  -1            -1               
   486 Orderaround[B,1,B,3,U4]
                                   0            -1               
   487 Orderaround[B,1,B,4,U2]
                                   0            -1               
   488 Orderaround[B,1,B,4,U4]
                                   0            -1               
   489 Orderaround[B,1,C,1,U2]
                                  -1            -1               
   490 Orderaround[B,1,C,1,U4]
                                   0            -1               
   491 Orderaround[B,1,C,2,U2]
                                  -1            -1               
   492 Orderaround[B,1,C,2,U3]
                                  -1            -1               
   493 Orderaround[B,1,C,3,U2]
                                  -1            -1               
   494 Orderaround[B,1,C,3,U3]
                                  -1            -1               
   495 Orderaround[B,1,C,3,U4]
                                   0            -1               
   496 Orderaround[B,1,D,1,U2]
                                  -1            -1               
   497 Orderaround[B,1,D,1,U3]
                                  -1            -1               
   498 Orderaround[B,1,D,2,U3]
                                  -1            -1               
   499 Orderaround[B,1,D,2,U4]
                                  -1            -1               
   500 Orderaround[B,1,D,3,U2]
                                   1            -1               
   501 Orderaround[B,1,D,3,U3]
                                  -1            -1               
   502 Orderaround[B,2,A,1,U1]
                                  -1            -1               
   503 Orderaround[B,2,A,1,U4]
                                   0            -1               
   504 Orderaround[B,2,A,2,U1]
                                  -1            -1               
   505 Orderaround[B,2,A,2,U2]
                                   0            -1               
   506 Orderaround[B,2,A,2,U4]
                                  -1            -1               
   507 Orderaround[B,2,A,3,U1]
                                  -1            -1               
   508 Orderaround[B,2,A,3,U4]
                                  -1            -1               
   509 Orderaround[B,2,B,1,U2]
                                   0            -1               
   510 Orderaround[B,2,B,1,U4]
                                   0            -1               
   511 Orderaround[B,2,B,3,U1]
                                  -1            -1               
   512 Orderaround[B,2,B,3,U4]
                                   1            -1               
   513 Orderaround[B,2,B,4,U1]
                                  -1            -1               
   514 Orderaround[B,2,B,4,U2]
                                   1            -1               
   515 Orderaround[B,2,B,4,U4]
                                   1            -1               
   516 Orderaround[B,2,C,1,U1]
                                  -1            -1               
   517 Orderaround[B,2,C,1,U2]
                                  -1            -1               
   518 Orderaround[B,2,C,1,U4]
                                   0            -1               
   519 Orderaround[B,2,C,2,U2]
                                  -1            -1               
   520 Orderaround[B,2,C,3,U2]
                                  -1            -1               
   521 Orderaround[B,2,C,3,U4]
                                   0            -1               
   522 Orderaround[B,2,D,1,U1]
                                  -1            -1               
   523 Orderaround[B,2,D,1,U2]
                                  -1            -1               
   524 Orderaround[B,2,D,2,U1]
                                  -1            -1               
   525 Orderaround[B,2,D,2,U4]
                                  -1            -1               
   526 Orderaround[B,2,D,3,U1]
                                  -1            -1               
   527 Orderaround[B,2,D,3,U2]
                                   0            -1               
   528 Orderaround[B,3,A,1,U1]
                                  -1            -1               
   529 Orderaround[B,3,A,1,U3]
                                  -1            -1               
   530 Orderaround[B,3,A,1,U4]
                                   0            -1               
   531 Orderaround[B,3,A,2,U1]
                                  -1            -1               
   532 Orderaround[B,3,A,2,U4]
                                  -1            -1               
   533 Orderaround[B,3,A,3,U1]
                                  -1            -1               
   534 Orderaround[B,3,A,3,U3]
                                   0            -1               
   535 Orderaround[B,3,A,3,U4]
                                  -1            -1               
   536 Orderaround[B,3,B,1,U3]
                                  -1            -1               
   537 Orderaround[B,3,B,1,U4]
                                   0            -1               
   538 Orderaround[B,3,B,2,U1]
                                  -1            -1               
   539 Orderaround[B,3,B,2,U4]
                                   1            -1               
   540 Orderaround[B,3,B,4,U1]
                                  -1            -1               
   541 Orderaround[B,3,B,4,U4]
                                   1            -1               
   542 Orderaround[B,3,C,1,U1]
                                  -1            -1               
   543 Orderaround[B,3,C,1,U4]
                                   0            -1               
   544 Orderaround[B,3,C,2,U3]
                                   0            -1               
   545 Orderaround[B,3,C,3,U3]
                                   0            -1               
   546 Orderaround[B,3,C,3,U4]
                                   0            -1               
   547 Orderaround[B,3,D,1,U1]
                                  -1            -1               
   548 Orderaround[B,3,D,1,U3]
                                   0            -1               
   549 Orderaround[B,3,D,2,U1]
                                  -1            -1               
   550 Orderaround[B,3,D,2,U3]
                                   0            -1               
   551 Orderaround[B,3,D,2,U4]
                                  -1            -1               
   552 Orderaround[B,3,D,3,U1]
                                  -1            -1               
   553 Orderaround[B,3,D,3,U3]
                                  -1            -1               
   554 Orderaround[B,4,A,1,U1]
                                  -1            -1               
   555 Orderaround[B,4,A,1,U4]
                                   0            -1               
   556 Orderaround[B,4,A,2,U1]
                                  -1            -1               
   557 Orderaround[B,4,A,2,U2]
                                   0            -1               
   558 Orderaround[B,4,A,2,U4]
                                  -1            -1               
   559 Orderaround[B,4,A,3,U1]
                                  -1            -1               
   560 Orderaround[B,4,A,3,U4]
                                  -1            -1               
   561 Orderaround[B,4,B,1,U2]
                                   0            -1               
   562 Orderaround[B,4,B,1,U4]
                                   0            -1               
   563 Orderaround[B,4,B,2,U1]
                                  -1            -1               
   564 Orderaround[B,4,B,2,U2]
                                   1            -1               
   565 Orderaround[B,4,B,2,U4]
                                   1            -1               
   566 Orderaround[B,4,B,3,U1]
                                  -1            -1               
   567 Orderaround[B,4,B,3,U4]
                                   1            -1               
   568 Orderaround[B,4,C,1,U1]
                                  -1            -1               
   569 Orderaround[B,4,C,1,U2]
                                  -1            -1               
   570 Orderaround[B,4,C,1,U4]
                                   0            -1               
   571 Orderaround[B,4,C,2,U2]
                                  -1            -1               
   572 Orderaround[B,4,C,3,U2]
                                  -1            -1               
   573 Orderaround[B,4,C,3,U4]
                                   0            -1               
   574 Orderaround[B,4,D,1,U1]
                                  -1            -1               
   575 Orderaround[B,4,D,1,U2]
                                  -1            -1               
   576 Orderaround[B,4,D,2,U1]
                                  -1            -1               
   577 Orderaround[B,4,D,2,U4]
                                  -1            -1               
   578 Orderaround[B,4,D,3,U1]
                                  -1            -1               
   579 Orderaround[B,4,D,3,U2]
                                   0            -1               
   580 Orderaround[C,1,A,1,U1]
                                   0            -1               
   581 Orderaround[C,1,A,1,U4]
                                   0            -1               
   582 Orderaround[C,1,A,2,U1]
                                   0            -1               
   583 Orderaround[C,1,A,2,U2]
                                  -1            -1               
   584 Orderaround[C,1,A,2,U4]
                                  -1            -1               
   585 Orderaround[C,1,A,3,U1]
                                   1            -1               
   586 Orderaround[C,1,A,3,U4]
                                   0            -1               
   587 Orderaround[C,1,B,1,U2]
                                  -1            -1               
   588 Orderaround[C,1,B,1,U4]
                                   0            -1               
   589 Orderaround[C,1,B,2,U1]
                                  -1            -1               
   590 Orderaround[C,1,B,2,U2]
                                  -1            -1               
   591 Orderaround[C,1,B,2,U4]
                                   0            -1               
   592 Orderaround[C,1,B,3,U1]
                                  -1            -1               
   593 Orderaround[C,1,B,3,U4]
                                   0            -1               
   594 Orderaround[C,1,B,4,U1]
                                  -1            -1               
   595 Orderaround[C,1,B,4,U2]
                                  -1            -1               
   596 Orderaround[C,1,B,4,U4]
                                   0            -1               
   597 Orderaround[C,1,C,2,U2]
                                  -1            -1               
   598 Orderaround[C,1,C,3,U2]
                                  -1            -1               
   599 Orderaround[C,1,C,3,U4]
                                   1            -1               
   600 Orderaround[C,1,D,1,U1]
                                   1            -1               
   601 Orderaround[C,1,D,1,U2]
                                  -1            -1               
   602 Orderaround[C,1,D,2,U1]
                                   0            -1               
   603 Orderaround[C,1,D,2,U4]
                                  -1            -1               
   604 Orderaround[C,1,D,3,U1]
                                   0            -1               
   605 Orderaround[C,1,D,3,U2]
                                  -1            -1               
   606 Orderaround[C,2,A,1,U3]
                                  -1            -1               
   607 Orderaround[C,2,A,2,U2]
                                  -1            -1               
   608 Orderaround[C,2,A,3,U3]
                                   0            -1               
   609 Orderaround[C,2,B,1,U2]
                                  -1            -1               
   610 Orderaround[C,2,B,1,U3]
                                  -1            -1               
   611 Orderaround[C,2,B,2,U2]
                                  -1            -1               
   612 Orderaround[C,2,B,3,U3]
                                   0            -1               
   613 Orderaround[C,2,B,4,U2]
                                  -1            -1               
   614 Orderaround[C,2,C,1,U2]
                                  -1            -1               
   615 Orderaround[C,2,C,3,U2]
                                  -1            -1               
   616 Orderaround[C,2,C,3,U3]
                                   1            -1               
   617 Orderaround[C,2,D,1,U2]
                                  -1            -1               
   618 Orderaround[C,2,D,1,U3]
                                   1            -1               
   619 Orderaround[C,2,D,2,U3]
                                   0            -1               
   620 Orderaround[C,2,D,3,U2]
                                  -1            -1               
   621 Orderaround[C,2,D,3,U3]
                                  -1            -1               
   622 Orderaround[C,3,A,1,U3]
                                  -1            -1               
   623 Orderaround[C,3,A,1,U4]
                                   0            -1               
   624 Orderaround[C,3,A,2,U2]
                                  -1            -1               
   625 Orderaround[C,3,A,2,U4]
                                  -1            -1               
   626 Orderaround[C,3,A,3,U3]
                                   0            -1               
   627 Orderaround[C,3,A,3,U4]
                                  -1            -1               
   628 Orderaround[C,3,B,1,U2]
                                  -1            -1               
   629 Orderaround[C,3,B,1,U3]
                                  -1            -1               
   630 Orderaround[C,3,B,1,U4]
                                   0            -1               
   631 Orderaround[C,3,B,2,U2]
                                  -1            -1               
   632 Orderaround[C,3,B,2,U4]
                                   0            -1               
   633 Orderaround[C,3,B,3,U3]
                                   0            -1               
   634 Orderaround[C,3,B,3,U4]
                                   0            -1               
   635 Orderaround[C,3,B,4,U2]
                                  -1            -1               
   636 Orderaround[C,3,B,4,U4]
                                   0            -1               
   637 Orderaround[C,3,C,1,U2]
                                  -1            -1               
   638 Orderaround[C,3,C,1,U4]
                                   1            -1               
   639 Orderaround[C,3,C,2,U2]
                                  -1            -1               
   640 Orderaround[C,3,C,2,U3]
                                   1            -1               
   641 Orderaround[C,3,D,1,U2]
                                  -1            -1               
   642 Orderaround[C,3,D,1,U3]
                                   1            -1               
   643 Orderaround[C,3,D,2,U3]
                                   0            -1               
   644 Orderaround[C,3,D,2,U4]
                                  -1            -1               
   645 Orderaround[C,3,D,3,U2]
                                  -1            -1               
   646 Orderaround[C,3,D,3,U3]
                                  -1            -1               
   647 Orderaround[D,1,A,1,U1]
                                   0            -1               
   648 Orderaround[D,1,A,1,U3]
                                  -1            -1               
   649 Orderaround[D,1,A,2,U1]
                                   0            -1               
   650 Orderaround[D,1,A,2,U2]
                                  -1            -1               
   651 Orderaround[D,1,A,3,U1]
                                   0            -1               
   652 Orderaround[D,1,A,3,U3]
                                   0            -1               
   653 Orderaround[D,1,B,1,U2]
                                  -1            -1               
   654 Orderaround[D,1,B,1,U3]
                                  -1            -1               
   655 Orderaround[D,1,B,2,U1]
                                  -1            -1               
   656 Orderaround[D,1,B,2,U2]
                                  -1            -1               
   657 Orderaround[D,1,B,3,U1]
                                  -1            -1               
   658 Orderaround[D,1,B,3,U3]
                                   0            -1               
   659 Orderaround[D,1,B,4,U1]
                                  -1            -1               
   660 Orderaround[D,1,B,4,U2]
                                  -1            -1               
   661 Orderaround[D,1,C,1,U1]
                                   1            -1               
   662 Orderaround[D,1,C,1,U2]
                                  -1            -1               
   663 Orderaround[D,1,C,2,U2]
                                  -1            -1               
   664 Orderaround[D,1,C,2,U3]
                                   1            -1               
   665 Orderaround[D,1,C,3,U2]
                                  -1            -1               
   666 Orderaround[D,1,C,3,U3]
                                   1            -1               
   667 Orderaround[D,1,D,2,U1]
                                   0            -1               
   668 Orderaround[D,1,D,2,U3]
                                   0            -1               
   669 Orderaround[D,1,D,3,U1]
                                   0            -1               
   670 Orderaround[D,1,D,3,U2]
                                  -1            -1               
   671 Orderaround[D,1,D,3,U3]
                                  -1            -1               
   672 Orderaround[D,2,A,1,U1]
                                   0            -1               
   673 Orderaround[D,2,A,1,U3]
                                  -1            -1               
   674 Orderaround[D,2,A,1,U4]
                                  -1            -1               
   675 Orderaround[D,2,A,2,U1]
                                   1            -1               
   676 Orderaround[D,2,A,2,U4]
                                  -1            -1               
   677 Orderaround[D,2,A,3,U1]
                                   1            -1               
   678 Orderaround[D,2,A,3,U3]
                                   1            -1               
   679 Orderaround[D,2,A,3,U4]
                                  -1            -1               
   680 Orderaround[D,2,B,1,U3]
                                  -1            -1               
   681 Orderaround[D,2,B,1,U4]
                                  -1            -1               
   682 Orderaround[D,2,B,2,U1]
                                  -1            -1               
   683 Orderaround[D,2,B,2,U4]
                                  -1            -1               
   684 Orderaround[D,2,B,3,U1]
                                  -1            -1               
   685 Orderaround[D,2,B,3,U3]
                                   0            -1               
   686 Orderaround[D,2,B,3,U4]
                                  -1            -1               
   687 Orderaround[D,2,B,4,U1]
                                  -1            -1               
   688 Orderaround[D,2,B,4,U4]
                                  -1            -1               
   689 Orderaround[D,2,C,1,U1]
                                   0            -1               
   690 Orderaround[D,2,C,1,U4]
                                  -1            -1               
   691 Orderaround[D,2,C,2,U3]
                                   0            -1               
   692 Orderaround[D,2,C,3,U3]
                                   0            -1               
   693 Orderaround[D,2,C,3,U4]
                                  -1            -1               
   694 Orderaround[D,2,D,1,U1]
                                   0            -1               
   695 Orderaround[D,2,D,1,U3]
                                   0            -1               
   696 Orderaround[D,2,D,3,U1]
                                   0            -1               
   697 Orderaround[D,2,D,3,U3]
                                  -1            -1               
   698 Orderaround[D,3,A,1,U1]
                                   1            -1               
   699 Orderaround[D,3,A,1,U3]
                                  -1            -1               
   700 Orderaround[D,3,A,2,U1]
                                   0            -1               
   701 Orderaround[D,3,A,2,U2]
                                   0            -1               
   702 Orderaround[D,3,A,3,U1]
                                   0            -1               
   703 Orderaround[D,3,A,3,U3]
                                  -1            -1               
   704 Orderaround[D,3,B,1,U2]
                                   1            -1               
   705 Orderaround[D,3,B,1,U3]
                                  -1            -1               
   706 Orderaround[D,3,B,2,U1]
                                  -1            -1               
   707 Orderaround[D,3,B,2,U2]
                                   0            -1               
   708 Orderaround[D,3,B,3,U1]
                                  -1            -1               
   709 Orderaround[D,3,B,3,U3]
                                  -1            -1               
   710 Orderaround[D,3,B,4,U1]
                                  -1            -1               
   711 Orderaround[D,3,B,4,U2]
                                   0            -1               
   712 Orderaround[D,3,C,1,U1]
                                   0            -1               
   713 Orderaround[D,3,C,1,U2]
                                  -1            -1               
   714 Orderaround[D,3,C,2,U2]
                                  -1            -1               
   715 Orderaround[D,3,C,2,U3]
                                  -1            -1               
   716 Orderaround[D,3,C,3,U2]
                                  -1            -1               
   717 Orderaround[D,3,C,3,U3]
                                  -1            -1               
   718 Orderaround[D,3,D,1,U1]
                                   0            -1               
   719 Orderaround[D,3,D,1,U2]
                                  -1            -1               
   720 Orderaround[D,3,D,1,U3]
                                  -1            -1               
   721 Orderaround[D,3,D,2,U1]
                                   0            -1               
   722 Orderaround[D,3,D,2,U3]
                                  -1            -1               
   723 egyTaskotegyUnitba[A,1]
                                   1             1             = 
   724 egyTaskotegyUnitba[A,2]
                                   1             1             = 
   725 egyTaskotegyUnitba[A,3]
                                   1             1             = 
   726 egyTaskotegyUnitba[B,1]
                                   1             1             = 
   727 egyTaskotegyUnitba[B,2]
                                   1             1             = 
   728 egyTaskotegyUnitba[B,3]
                                   1             1             = 
   729 egyTaskotegyUnitba[B,4]
                                   1             1             = 
   730 egyTaskotegyUnitba[C,1]
                                   1             1             = 
   731 egyTaskotegyUnitba[C,2]
                                   1             1             = 
   732 egyTaskotegyUnitba[C,3]
                                   1             1             = 
   733 egyTaskotegyUnitba[D,1]
                                   1             1             = 
   734 egyTaskotegyUnitba[D,2]
                                   1             1             = 
   735 egyTaskotegyUnitba[D,3]
                                   1             1             = 
   736 Makespanconstraint[A,1]
                                   8            -0               
   737 Makespanconstraint[A,2]
                                   1            -0               
   738 Makespanconstraint[A,3]
                                   0            -0               
   739 Makespanconstraint[B,1]
                                  34            -0               
   740 Makespanconstraint[B,2]
                                  16            -0               
   741 Makespanconstraint[B,3]
                                  12            -0               
   742 Makespanconstraint[B,4]
                                   0            -0               
   743 Makespanconstraint[C,1]
                                  35            -0               
   744 Makespanconstraint[C,2]
                                  23            -0               
   745 Makespanconstraint[C,3]
                                   0            -0               
   746 Makespanconstraint[D,1]
                                  30            -0               
   747 Makespanconstraint[D,2]
                                   8            -0               
   748 Makespanconstraint[D,3]
                                   0            -0               
   749 Makespan                   43                             

   No. Column name       Activity     Lower bound   Upper bound
------ ------------    ------------- ------------- -------------
     1 stime[A,1]                 15             0               
     2 stime[A,2]                 35             0               
     3 stime[A,3]                 42             0               
     4 stime[B,1]                  0             0               
     5 stime[B,2]                  9             0               
     6 stime[B,3]                 27             0               
     7 stime[B,4]                 31             0               
     8 stime[C,1]                  0             0               
     9 stime[C,2]                 13             0               
    10 stime[C,3]                 20             0               
    11 stime[D,1]                  8             0               
    12 stime[D,2]                 17             0               
    13 stime[D,3]                 37             0               
    14 ctime[A,1]                 35             0               
    15 ctime[A,2]                 42             0               
    16 ctime[A,3]                 43             0               
    17 ctime[B,1]                  9             0               
    18 ctime[B,2]                 27             0               
    19 ctime[B,3]                 31             0               
    20 ctime[B,4]                 43             0               
    21 ctime[C,1]                  8             0               
    22 ctime[C,2]                 20             0               
    23 ctime[C,3]                 43             0               
    24 ctime[D,1]                 13             0               
    25 ctime[D,2]                 35             0               
    26 ctime[D,3]                 43             0               
    27 choose[A,1,U1]
                    *              0             0             1 
    28 choose[A,1,U2]
                    *              0             0             1 
    29 choose[A,1,U3]
                    *              1             0             1 
    30 choose[A,1,U4]
                    *              0             0             1 
    31 choose[A,2,U1]
                    *              0             0             1 
    32 choose[A,2,U2]
                    *              0             0             1 
    33 choose[A,2,U3]
                    *              0             0             1 
    34 choose[A,2,U4]
                    *              1             0             1 
    35 choose[A,3,U1]
                    *              0             0             1 
    36 choose[A,3,U2]
                    *              0             0             1 
    37 choose[A,3,U3]
                    *              0             0             1 
    38 choose[A,3,U4]
                    *              1             0             1 
    39 choose[B,1,U1]
                    *              0             0             1 
    40 choose[B,1,U2]
                    *              0             0             1 
    41 choose[B,1,U3]
                    *              1             0             1 
    42 choose[B,1,U4]
                    *              0             0             1 
    43 choose[B,2,U1]
                    *              1             0             1 
    44 choose[B,2,U2]
                    *              0             0             1 
    45 choose[B,2,U3]
                    *              0             0             1 
    46 choose[B,2,U4]
                    *              0             0             1 
    47 choose[B,3,U1]
                    *              1             0             1 
    48 choose[B,3,U2]
                    *              0             0             1 
    49 choose[B,3,U3]
                    *              0             0             1 
    50 choose[B,3,U4]
                    *              0             0             1 
    51 choose[B,4,U1]
                    *              1             0             1 
    52 choose[B,4,U2]
                    *              0             0             1 
    53 choose[B,4,U3]
                    *              0             0             1 
    54 choose[B,4,U4]
                    *              0             0             1 
    55 choose[C,1,U1]
                    *              0             0             1 
    56 choose[C,1,U2]
                    *              1             0             1 
    57 choose[C,1,U3]
                    *              0             0             1 
    58 choose[C,1,U4]
                    *              0             0             1 
    59 choose[C,2,U1]
                    *              0             0             1 
    60 choose[C,2,U2]
                    *              1             0             1 
    61 choose[C,2,U3]
                    *              0             0             1 
    62 choose[C,2,U4]
                    *              0             0             1 
    63 choose[C,3,U1]
                    *              0             0             1 
    64 choose[C,3,U2]
                    *              1             0             1 
    65 choose[C,3,U3]
                    *              0             0             1 
    66 choose[C,3,U4]
                    *              0             0             1 
    67 choose[D,1,U1]
                    *              0             0             1 
    68 choose[D,1,U2]
                    *              1             0             1 
    69 choose[D,1,U3]
                    *              0             0             1 
    70 choose[D,1,U4]
                    *              0             0             1 
    71 choose[D,2,U1]
                    *              0             0             1 
    72 choose[D,2,U2]
                    *              0             0             1 
    73 choose[D,2,U3]
                    *              0             0             1 
    74 choose[D,2,U4]
                    *              1             0             1 
    75 choose[D,3,U1]
                    *              0             0             1 
    76 choose[D,3,U2]
                    *              0             0             1 
    77 choose[D,3,U3]
                    *              1             0             1 
    78 choose[D,3,U4]
                    *              0             0             1 
    79 X[A,1,A,2]   *              0             0             1 
    80 X[A,1,A,3]   *              0             0             1 
    81 X[A,1,B,1]   *              0             0             1 
    82 X[A,1,B,2]   *              0             0             1 
    83 X[A,1,B,3]   *              0             0             1 
    84 X[A,1,B,4]   *              0             0             1 
    85 X[A,1,C,1]   *              0             0             1 
    86 X[A,1,C,2]   *              0             0             1 
    87 X[A,1,C,3]   *              0             0             1 
    88 X[A,1,D,1]   *              0             0             1 
    89 X[A,1,D,2]   *              0             0             1 
    90 X[A,1,D,3]   *              1             0             1 
    91 X[A,2,A,1]   *              0             0             1 
    92 X[A,2,A,3]   *              1             0             1 
    93 X[A,2,B,1]   *              0             0             1 
    94 X[A,2,B,2]   *              0             0             1 
    95 X[A,2,B,3]   *              0             0             1 
    96 X[A,2,B,4]   *              0             0             1 
    97 X[A,2,C,1]   *              0             0             1 
    98 X[A,2,C,2]   *              0             0             1 
    99 X[A,2,C,3]   *              0             0             1 
   100 X[A,2,D,1]   *              0             0             1 
   101 X[A,2,D,2]   *              0             0             1 
   102 X[A,2,D,3]   *              0             0             1 
   103 X[A,3,A,1]   *              0             0             1 
   104 X[A,3,A,2]   *              0             0             1 
   105 X[A,3,B,1]   *              0             0             1 
   106 X[A,3,B,2]   *              0             0             1 
   107 X[A,3,B,3]   *              0             0             1 
   108 X[A,3,B,4]   *              0             0             1 
   109 X[A,3,C,1]   *              1             0             1 
   110 X[A,3,C,2]   *              0             0             1 
   111 X[A,3,C,3]   *              0             0             1 
   112 X[A,3,D,1]   *              0             0             1 
   113 X[A,3,D,2]   *              0             0             1 
   114 X[A,3,D,3]   *              0             0             1 
   115 X[B,1,A,1]   *              1             0             1 
   116 X[B,1,A,2]   *              0             0             1 
   117 X[B,1,A,3]   *              0             0             1 
   118 X[B,1,B,2]   *              0             0             1 
   119 X[B,1,B,3]   *              0             0             1 
   120 X[B,1,B,4]   *              0             0             1 
   121 X[B,1,C,1]   *              0             0             1 
   122 X[B,1,C,2]   *              0             0             1 
   123 X[B,1,C,3]   *              0             0             1 
   124 X[B,1,D,1]   *              0             0             1 
   125 X[B,1,D,2]   *              0             0             1 
   126 X[B,1,D,3]   *              1             0             1 
   127 X[B,2,A,1]   *              0             0             1 
   128 X[B,2,A,2]   *              0             0             1 
   129 X[B,2,A,3]   *              0             0             1 
   130 X[B,2,B,1]   *              0             0             1 
   131 X[B,2,B,3]   *              1             0             1 
   132 X[B,2,B,4]   *              1             0             1 
   133 X[B,2,C,1]   *              0             0             1 
   134 X[B,2,C,2]   *              0             0             1 
   135 X[B,2,C,3]   *              0             0             1 
   136 X[B,2,D,1]   *              0             0             1 
   137 X[B,2,D,2]   *              0             0             1 
   138 X[B,2,D,3]   *              0             0             1 
   139 X[B,3,A,1]   *              0             0             1 
   140 X[B,3,A,2]   *              0             0             1 
   141 X[B,3,A,3]   *              0             0             1 
   142 X[B,3,B,1]   *              0             0             1 
   143 X[B,3,B,2]   *              0             0             1 
   144 X[B,3,B,4]   *              1             0             1 
   145 X[B,3,C,1]   *              0             0             1 
   146 X[B,3,C,2]   *              0             0             1 
   147 X[B,3,C,3]   *              0             0             1 
   148 X[B,3,D,1]   *              0             0             1 
   149 X[B,3,D,2]   *              0             0             1 
   150 X[B,3,D,3]   *              0             0             1 
   151 X[B,4,A,1]   *              0             0             1 
   152 X[B,4,A,2]   *              0             0             1 
   153 X[B,4,A,3]   *              0             0             1 
   154 X[B,4,B,1]   *              0             0             1 
   155 X[B,4,B,2]   *              0             0             1 
   156 X[B,4,B,3]   *              0             0             1 
   157 X[B,4,C,1]   *              0             0             1 
   158 X[B,4,C,2]   *              0             0             1 
   159 X[B,4,C,3]   *              0             0             1 
   160 X[B,4,D,1]   *              0             0             1 
   161 X[B,4,D,2]   *              0             0             1 
   162 X[B,4,D,3]   *              0             0             1 
   163 X[C,1,A,1]   *              0             0             1 
   164 X[C,1,A,2]   *              0             0             1 
   165 X[C,1,A,3]   *              0             0             1 
   166 X[C,1,B,1]   *              0             0             1 
   167 X[C,1,B,2]   *              0             0             1 
   168 X[C,1,B,3]   *              0             0             1 
   169 X[C,1,B,4]   *              0             0             1 
   170 X[C,1,C,2]   *              1             0             1 
   171 X[C,1,C,3]   *              1             0             1 
   172 X[C,1,D,1]   *              1             0             1 
   173 X[C,1,D,2]   *              0             0             1 
   174 X[C,1,D,3]   *              0             0             1 
   175 X[C,2,A,1]   *              0             0             1 
   176 X[C,2,A,2]   *              0             0             1 
   177 X[C,2,A,3]   *              0             0             1 
   178 X[C,2,B,1]   *              0             0             1 
   179 X[C,2,B,2]   *              0             0             1 
   180 X[C,2,B,3]   *              0             0             1 
   181 X[C,2,B,4]   *              0             0             1 
   182 X[C,2,C,1]   *              0             0             1 
   183 X[C,2,C,3]   *              1             0             1 
   184 X[C,2,D,1]   *              0             0             1 
   185 X[C,2,D,2]   *              0             0             1 
   186 X[C,2,D,3]   *              0             0             1 
   187 X[C,3,A,1]   *              0             0             1 
   188 X[C,3,A,2]   *              0             0             1 
   189 X[C,3,A,3]   *              0             0             1 
   190 X[C,3,B,1]   *              0             0             1 
   191 X[C,3,B,2]   *              0             0             1 
   192 X[C,3,B,3]   *              0             0             1 
   193 X[C,3,B,4]   *              0             0             1 
   194 X[C,3,C,1]   *              0             0             1 
   195 X[C,3,C,2]   *              0             0             1 
   196 X[C,3,D,1]   *              0             0             1 
   197 X[C,3,D,2]   *              0             0             1 
   198 X[C,3,D,3]   *              0             0             1 
   199 X[D,1,A,1]   *              0             0             1 
   200 X[D,1,A,2]   *              0             0             1 
   201 X[D,1,A,3]   *              0             0             1 
   202 X[D,1,B,1]   *              0             0             1 
   203 X[D,1,B,2]   *              0             0             1 
   204 X[D,1,B,3]   *              0             0             1 
   205 X[D,1,B,4]   *              0             0             1 
   206 X[D,1,C,1]   *              0             0             1 
   207 X[D,1,C,2]   *              1             0             1 
   208 X[D,1,C,3]   *              1             0             1 
   209 X[D,1,D,2]   *              0             0             1 
   210 X[D,1,D,3]   *              0             0             1 
   211 X[D,2,A,1]   *              0             0             1 
   212 X[D,2,A,2]   *              1             0             1 
   213 X[D,2,A,3]   *              1             0             1 
   214 X[D,2,B,1]   *              0             0             1 
   215 X[D,2,B,2]   *              0             0             1 
   216 X[D,2,B,3]   *              0             0             1 
   217 X[D,2,B,4]   *              0             0             1 
   218 X[D,2,C,1]   *              0             0             1 
   219 X[D,2,C,2]   *              0             0             1 
   220 X[D,2,C,3]   *              0             0             1 
   221 X[D,2,D,1]   *              0             0             1 
   222 X[D,2,D,3]   *              0             0             1 
   223 X[D,3,A,1]   *              0             0             1 
   224 X[D,3,A,2]   *              0             0             1 
   225 X[D,3,A,3]   *              0             0             1 
   226 X[D,3,B,1]   *              0             0             1 
   227 X[D,3,B,2]   *              0             0             1 
   228 X[D,3,B,3]   *              0             0             1 
   229 X[D,3,B,4]   *              0             0             1 
   230 X[D,3,C,1]   *              0             0             1 
   231 X[D,3,C,2]   *              0             0             1 
   232 X[D,3,C,3]   *              0             0             1 
   233 X[D,3,D,1]   *              0             0             1 
   234 X[D,3,D,2]   *              0             0             1 
   235 makespan                   43             0               

Integer feasibility conditions:

KKT.PE: max.abs.err = 0.00e+00 on row 0
        max.rel.err = 0.00e+00 on row 0
        High quality

KKT.PB: max.abs.err = 0.00e+00 on row 0
        max.rel.err = 0.00e+00 on row 0
        High quality

End of output
